#
# There is insufficient memory for the Java Runtime Environment to continue.
# Native memory allocation (mmap) failed to map 111149056 bytes for committing reserved memory.
# Possible reasons:
#   The system is out of physical RAM or swap space
#   In 32 bit mode, the process size limit was hit
# Possible solutions:
#   Reduce memory load on the system
#   Increase physical memory or swap space
#   Check if swap backing store is full
#   Use 64 bit Java on a 64 bit OS
#   Decrease Java heap size (-Xmx/-Xms)
#   Decrease number of Java threads
#   Decrease Java thread stack sizes (-Xss)
#   Set larger code cache with -XX:ReservedCodeCacheSize=
# This output file may be truncated or incomplete.
#
#  Out of Memory Error (os_linux.cpp:2640), pid=11988, tid=0x00007ffa0480e700
#
# JRE version: Java(TM) SE Runtime Environment (8.0_144-b01) (build 1.8.0_144-b01)
# Java VM: Java HotSpot(TM) 64-Bit Server VM (25.144-b01 mixed mode linux-amd64 compressed oops)
# Failed to write core dump. Core dumps have been disabled. To enable core dumping, try "ulimit -c unlimited" before starting Java again
#

---------------  T H R E A D  ---------------

Current thread (0x00007ffa18078000):  VMThread [stack: 0x00007ffa0470e000,0x00007ffa0480f000] [id=12001]

Stack: [0x00007ffa0470e000,0x00007ffa0480f000],  sp=0x00007ffa0480d320,  free space=1020k
Native frames: (J=compiled Java code, j=interpreted, Vv=VM code, C=native code)
V  [libjvm.so+0xacb18a]  VMError::report_and_die()+0x2ba
V  [libjvm.so+0x4ff4db]  report_vm_out_of_memory(char const*, int, unsigned long, VMErrorType, char const*)+0x8b
V  [libjvm.so+0x927d23]  os::Linux::commit_memory_impl(char*, unsigned long, bool)+0x103
V  [libjvm.so+0x928279]  os::pd_commit_memory(char*, unsigned long, unsigned long, bool)+0x29
V  [libjvm.so+0x92249a]  os::commit_memory(char*, unsigned long, unsigned long, bool)+0x2a
V  [libjvm.so+0x996ff3]  PSVirtualSpace::expand_by(unsigned long)+0x53
V  [libjvm.so+0x9983f8]  PSYoungGen::resize_generation(unsigned long, unsigned long)+0xf8
V  [libjvm.so+0x997552]  PSYoungGen::resize(unsigned long, unsigned long)+0x22
V  [libjvm.so+0x99482b]  PSScavenge::invoke_no_policy()+0xf3b
V  [libjvm.so+0x994fb1]  PSScavenge::invoke()+0x41
V  [libjvm.so+0x94bce0]  ParallelScavengeHeap::failed_mem_allocate(unsigned long)+0x70
V  [libjvm.so+0xaccba7]  VM_ParallelGCFailedAllocation::doit()+0x97
V  [libjvm.so+0xad4685]  VM_Operation::evaluate()+0x55
V  [libjvm.so+0xad2a5a]  VMThread::evaluate_operation(VM_Operation*)+0xba
V  [libjvm.so+0xad2dde]  VMThread::loop()+0x1ce
V  [libjvm.so+0xad3250]  VMThread::run()+0x70
V  [libjvm.so+0x92a338]  java_start(Thread*)+0x108

VM_Operation (0x00007ff9ef3a0e00): ParallelGCFailedAllocation, mode: safepoint, requested by thread 0x00007ffa18149000


---------------  P R O C E S S  ---------------

Java Threads: ( => current thread )
  0x00007ffa18154800 JavaThread "pool-1-thread-4" [_thread_blocked, id=12025, stack(0x00007ff9eee9e000,0x00007ff9eef9f000)]
  0x00007ffa18150000 JavaThread "pool-1-thread-3" [_thread_blocked, id=12024, stack(0x00007ff9eef9f000,0x00007ff9ef0a0000)]
  0x00007ffa1814c000 JavaThread "pool-1-thread-2" [_thread_blocked, id=12023, stack(0x00007ff9ef0a0000,0x00007ff9ef1a1000)]
  0x00007ffa1814b000 JavaThread "pool-2-thread-1" [_thread_blocked, id=12022, stack(0x00007ff9ef1a1000,0x00007ff9ef2a2000)]
  0x00007ffa18149000 JavaThread "pool-1-thread-1" [_thread_blocked, id=12021, stack(0x00007ff9ef2a2000,0x00007ff9ef3a3000)]
  0x00007ffa180c1000 JavaThread "Service Thread" daemon [_thread_blocked, id=12014, stack(0x00007ffa04007000,0x00007ffa04108000)]
  0x00007ffa180be000 JavaThread "C1 CompilerThread2" daemon [_thread_blocked, id=12013, stack(0x00007ffa04108000,0x00007ffa04209000)]
  0x00007ffa180bc000 JavaThread "C2 CompilerThread1" daemon [_thread_blocked, id=12012, stack(0x00007ffa04209000,0x00007ffa0430a000)]
  0x00007ffa180b9800 JavaThread "C2 CompilerThread0" daemon [_thread_blocked, id=12011, stack(0x00007ffa0430a000,0x00007ffa0440b000)]
  0x00007ffa180b8000 JavaThread "Signal Dispatcher" daemon [_thread_blocked, id=12010, stack(0x00007ffa0440b000,0x00007ffa0450c000)]
  0x00007ffa18084000 JavaThread "Finalizer" daemon [_thread_blocked, id=12003, stack(0x00007ffa0450c000,0x00007ffa0460d000)]
  0x00007ffa1807f800 JavaThread "Reference Handler" daemon [_thread_blocked, id=12002, stack(0x00007ffa0460d000,0x00007ffa0470e000)]
  0x00007ffa1800a000 JavaThread "main" [_thread_blocked, id=11990, stack(0x00007ffa1edea000,0x00007ffa1eeeb000)]

Other Threads:
=>0x00007ffa18078000 VMThread [stack: 0x00007ffa0470e000,0x00007ffa0480f000] [id=12001]
  0x00007ffa180c4000 WatcherThread [stack: 0x00007ff9ef3c2000,0x00007ff9ef4c3000] [id=12015]

VM state:at safepoint (normal execution)

VM Mutex/Monitor currently owned by a thread:  ([mutex/lock_event])
[0x00007ffa180064f0] Threads_lock - owner thread: 0x00007ffa18078000
[0x00007ffa180069f0] Heap_lock - owner thread: 0x00007ffa18149000

Heap:
 PSYoungGen      total 107008K, used 12276K [0x00000000eab00000, 0x00000000f2100000, 0x0000000100000000)
  eden space 94720K, 0% used [0x00000000eab00000,0x00000000eab00000,0x00000000f0780000)
  from space 12288K, 99% used [0x00000000f0780000,0x00000000f137d330,0x00000000f1380000)
  to   space 10752K, 0% used [0x00000000f1380000,0x00000000f1380000,0x00000000f1e00000)
 ParOldGen       total 62976K, used 34088K [0x00000000c0000000, 0x00000000c3d80000, 0x00000000eab00000)
  object space 62976K, 54% used [0x00000000c0000000,0x00000000c214a0a8,0x00000000c3d80000)
 Metaspace       used 6276K, capacity 7192K, committed 7424K, reserved 1056768K
  class space    used 615K, capacity 656K, committed 768K, reserved 1048576K

Card table byte_map: [0x00007ffa08824000,0x00007ffa08a25000] byte_map_base: 0x00007ffa08224000

Marking Bits: (ParMarkBitMap*) 0x00007ffa1e2b8dc0
 Begin Bits: [0x00007ffa06420000, 0x00007ffa07420000)
 End Bits:   [0x00007ffa07420000, 0x00007ffa08420000)

Polling page: 0x00007ffa1ef09000

CodeCache: size=245760Kb used=6718Kb max_used=6718Kb free=239041Kb
 bounds [0x00007ffa08de5000, 0x00007ffa09485000, 0x00007ffa17de5000]
 total_blobs=2013 nmethods=1750 adapters=176
 compilation: enabled

Compilation events (10 events):
Event: 9,127 Thread 0x00007ffa180be000 1991       1       com.android.dx.cf.attrib.AttInnerClasses::getInnerClasses (5 bytes)
Event: 9,127 Thread 0x00007ffa180be000 nmethod 1991 0x00007ffa09474890 code [0x00007ffa094749e0, 0x00007ffa09474af0]
Event: 9,127 Thread 0x00007ffa180be000 1983       2       com.android.dx.cf.direct.StdAttributeFactory::signature (94 bytes)
Event: 9,148 Thread 0x00007ffa180be000 nmethod 1983 0x00007ffa09474b50 code [0x00007ffa09474e60, 0x00007ffa09475dc8]
Event: 9,148 Thread 0x00007ffa180be000 1984       1       com.android.dx.cf.attrib.InnerClassList$Item::getInnerName (5 bytes)
Event: 9,148 Thread 0x00007ffa180be000 nmethod 1984 0x00007ffa09477350 code [0x00007ffa094774a0, 0x00007ffa094775b0]
Event: 9,148 Thread 0x00007ffa180be000 1985       1       com.android.dx.cf.attrib.InnerClassList$Item::getAccessFlags (5 bytes)
Event: 9,148 Thread 0x00007ffa180be000 nmethod 1985 0x00007ffa09477610 code [0x00007ffa09477760, 0x00007ffa09477870]
Event: 9,196 Thread 0x00007ffa180be000 1995       2       com.android.dx.rop.code.Rops::opGetStatic (97 bytes)
Event: 9,197 Thread 0x00007ffa180be000 nmethod 1995 0x00007ffa094778d0 code [0x00007ffa09477ac0, 0x00007ffa09478038]

GC Heap History (10 events):
Event: 4,809 GC heap after
Heap after GC invocations=2 (full 0):
 PSYoungGen      total 27648K, used 3559K [0x00000000eab00000, 0x00000000ee100000, 0x0000000100000000)
  eden space 24064K, 0% used [0x00000000eab00000,0x00000000eab00000,0x00000000ec280000)
  from space 3584K, 99% used [0x00000000ec600000,0x00000000ec979c80,0x00000000ec980000)
  to   space 3584K, 0% used [0x00000000ec280000,0x00000000ec280000,0x00000000ec600000)
 ParOldGen       total 62976K, used 6099K [0x00000000c0000000, 0x00000000c3d80000, 0x00000000eab00000)
  object space 62976K, 9% used [0x00000000c0000000,0x00000000c05f4f78,0x00000000c3d80000)
 Metaspace       used 5841K, capacity 6896K, committed 7040K, reserved 1056768K
  class space    used 593K, capacity 616K, committed 640K, reserved 1048576K
}
Event: 5,276 GC heap before
{Heap before GC invocations=3 (full 0):
 PSYoungGen      total 27648K, used 27623K [0x00000000eab00000, 0x00000000ee100000, 0x0000000100000000)
  eden space 24064K, 100% used [0x00000000eab00000,0x00000000ec280000,0x00000000ec280000)
  from space 3584K, 99% used [0x00000000ec600000,0x00000000ec979c80,0x00000000ec980000)
  to   space 3584K, 0% used [0x00000000ec280000,0x00000000ec280000,0x00000000ec600000)
 ParOldGen       total 62976K, used 6099K [0x00000000c0000000, 0x00000000c3d80000, 0x00000000eab00000)
  object space 62976K, 9% used [0x00000000c0000000,0x00000000c05f4f78,0x00000000c3d80000)
 Metaspace       used 5890K, capacity 6896K, committed 7040K, reserved 1056768K
  class space    used 593K, capacity 616K, committed 640K, reserved 1048576K
Event: 5,298 GC heap after
Heap after GC invocations=3 (full 0):
 PSYoungGen      total 27648K, used 3552K [0x00000000eab00000, 0x00000000ee100000, 0x0000000100000000)
  eden space 24064K, 0% used [0x00000000eab00000,0x00000000eab00000,0x00000000ec280000)
  from space 3584K, 99% used [0x00000000ec280000,0x00000000ec5f8108,0x00000000ec600000)
  to   space 3584K, 0% used [0x00000000edd80000,0x00000000edd80000,0x00000000ee100000)
 ParOldGen       total 62976K, used 10265K [0x00000000c0000000, 0x00000000c3d80000, 0x00000000eab00000)
  object space 62976K, 16% used [0x00000000c0000000,0x00000000c0a06730,0x00000000c3d80000)
 Metaspace       used 5890K, capacity 6896K, committed 7040K, reserved 1056768K
  class space    used 593K, capacity 616K, committed 640K, reserved 1048576K
}
Event: 5,512 GC heap before
{Heap before GC invocations=4 (full 0):
 PSYoungGen      total 27648K, used 27616K [0x00000000eab00000, 0x00000000ee100000, 0x0000000100000000)
  eden space 24064K, 100% used [0x00000000eab00000,0x00000000ec280000,0x00000000ec280000)
  from space 3584K, 99% used [0x00000000ec280000,0x00000000ec5f8108,0x00000000ec600000)
  to   space 3584K, 0% used [0x00000000edd80000,0x00000000edd80000,0x00000000ee100000)
 ParOldGen       total 62976K, used 10265K [0x00000000c0000000, 0x00000000c3d80000, 0x00000000eab00000)
  object space 62976K, 16% used [0x00000000c0000000,0x00000000c0a06730,0x00000000c3d80000)
 Metaspace       used 5907K, capacity 6960K, committed 7040K, reserved 1056768K
  class space    used 593K, capacity 616K, committed 640K, reserved 1048576K
Event: 5,557 GC heap after
Heap after GC invocations=4 (full 0):
 PSYoungGen      total 51712K, used 3552K [0x00000000eab00000, 0x00000000ee100000, 0x0000000100000000)
  eden space 48128K, 0% used [0x00000000eab00000,0x00000000eab00000,0x00000000eda00000)
  from space 3584K, 99% used [0x00000000edd80000,0x00000000ee0f8108,0x00000000ee100000)
  to   space 3584K, 0% used [0x00000000eda00000,0x00000000eda00000,0x00000000edd80000)
 ParOldGen       total 62976K, used 14324K [0x00000000c0000000, 0x00000000c3d80000, 0x00000000eab00000)
  object space 62976K, 22% used [0x00000000c0000000,0x00000000c0dfd0d0,0x00000000c3d80000)
 Metaspace       used 5907K, capacity 6960K, committed 7040K, reserved 1056768K
  class space    used 593K, capacity 616K, committed 640K, reserved 1048576K
}
Event: 6,270 GC heap before
{Heap before GC invocations=5 (full 0):
 PSYoungGen      total 51712K, used 51680K [0x00000000eab00000, 0x00000000ee100000, 0x0000000100000000)
  eden space 48128K, 100% used [0x00000000eab00000,0x00000000eda00000,0x00000000eda00000)
  from space 3584K, 99% used [0x00000000edd80000,0x00000000ee0f8108,0x00000000ee100000)
  to   space 3584K, 0% used [0x00000000eda00000,0x00000000eda00000,0x00000000edd80000)
 ParOldGen       total 62976K, used 14324K [0x00000000c0000000, 0x00000000c3d80000, 0x00000000eab00000)
  object space 62976K, 22% used [0x00000000c0000000,0x00000000c0dfd0d0,0x00000000c3d80000)
 Metaspace       used 6039K, capacity 7000K, committed 7168K, reserved 1056768K
  class space    used 615K, capacity 656K, committed 768K, reserved 1048576K
Event: 6,328 GC heap after
Heap after GC invocations=5 (full 0):
 PSYoungGen      total 51712K, used 3552K [0x00000000eab00000, 0x00000000f1e00000, 0x0000000100000000)
  eden space 48128K, 0% used [0x00000000eab00000,0x00000000eab00000,0x00000000eda00000)
  from space 3584K, 99% used [0x00000000eda00000,0x00000000edd78108,0x00000000edd80000)
  to   space 10752K, 0% used [0x00000000f1380000,0x00000000f1380000,0x00000000f1e00000)
 ParOldGen       total 62976K, used 21403K [0x00000000c0000000, 0x00000000c3d80000, 0x00000000eab00000)
  object space 62976K, 33% used [0x00000000c0000000,0x00000000c14e6d08,0x00000000c3d80000)
 Metaspace       used 6039K, capacity 7000K, committed 7168K, reserved 1056768K
  class space    used 615K, capacity 656K, committed 768K, reserved 1048576K
}
Event: 7,023 GC heap before
{Heap before GC invocations=6 (full 0):
 PSYoungGen      total 51712K, used 51680K [0x00000000eab00000, 0x00000000f1e00000, 0x0000000100000000)
  eden space 48128K, 100% used [0x00000000eab00000,0x00000000eda00000,0x00000000eda00000)
  from space 3584K, 99% used [0x00000000eda00000,0x00000000edd78108,0x00000000edd80000)
  to   space 10752K, 0% used [0x00000000f1380000,0x00000000f1380000,0x00000000f1e00000)
 ParOldGen       total 62976K, used 21403K [0x00000000c0000000, 0x00000000c3d80000, 0x00000000eab00000)
  object space 62976K, 33% used [0x00000000c0000000,0x00000000c14e6d08,0x00000000c3d80000)
 Metaspace       used 6104K, capacity 7064K, committed 7424K, reserved 1056768K
  class space    used 615K, capacity 656K, committed 768K, reserved 1048576K
Event: 7,174 GC heap after
Heap after GC invocations=6 (full 0):
 PSYoungGen      total 105472K, used 10750K [0x00000000eab00000, 0x00000000f2100000, 0x0000000100000000)
  eden space 94720K, 0% used [0x00000000eab00000,0x00000000eab00000,0x00000000f0780000)
  from space 10752K, 99% used [0x00000000f1380000,0x00000000f1dff8f8,0x00000000f1e00000)
  to   space 12288K, 0% used [0x00000000f0780000,0x00000000f0780000,0x00000000f1380000)
 ParOldGen       total 62976K, used 22129K [0x00000000c0000000, 0x00000000c3d80000, 0x00000000eab00000)
  object space 62976K, 35% used [0x00000000c0000000,0x00000000c159c590,0x00000000c3d80000)
 Metaspace       used 6104K, capacity 7064K, committed 7424K, reserved 1056768K
  class space    used 615K, capacity 656K, committed 768K, reserved 1048576K
}
Event: 9,279 GC heap before
{Heap before GC invocations=7 (full 0):
 PSYoungGen      total 105472K, used 105470K [0x00000000eab00000, 0x00000000f2100000, 0x0000000100000000)
  eden space 94720K, 100% used [0x00000000eab00000,0x00000000f0780000,0x00000000f0780000)
  from space 10752K, 99% used [0x00000000f1380000,0x00000000f1dff8f8,0x00000000f1e00000)
  to   space 12288K, 0% used [0x00000000f0780000,0x00000000f0780000,0x00000000f1380000)
 ParOldGen       total 62976K, used 22129K [0x00000000c0000000, 0x00000000c3d80000, 0x00000000eab00000)
  object space 62976K, 35% used [0x00000000c0000000,0x00000000c159c590,0x00000000c3d80000)
 Metaspace       used 6276K, capacity 7192K, committed 7424K, reserved 1056768K
  class space    used 615K, capacity 656K, committed 768K, reserved 1048576K

Deoptimization events (10 events):
Event: 5,713 Thread 0x00007ffa18154800 Uncommon trap: reason=unstable_if action=reinterpret pc=0x00007ffa090fa21c method=com.android.dx.rop.cst.Constant.compareTo(Lcom/android/dx/rop/cst/Constant;)I @ 12
Event: 5,752 Thread 0x00007ffa18154800 Uncommon trap: reason=unstable_if action=reinterpret pc=0x00007ffa090d8e68 method=java.util.HashMap.putVal(ILjava/lang/Object;Ljava/lang/Object;ZZ)Ljava/lang/Object; @ 162
Event: 5,766 Thread 0x00007ffa18154800 Uncommon trap: reason=unstable_if action=reinterpret pc=0x00007ffa08fd317c method=java.util.HashMap.getNode(ILjava/lang/Object;)Ljava/util/HashMap$Node; @ 84
Event: 5,766 Thread 0x00007ffa18154800 Uncommon trap: reason=unstable_if action=reinterpret pc=0x00007ffa090ea858 method=java.util.HashMap.getNode(ILjava/lang/Object;)Ljava/util/HashMap$Node; @ 84
Event: 6,796 Thread 0x00007ffa18150000 Uncommon trap: reason=unstable_if action=reinterpret pc=0x00007ffa092d6c78 method=com.android.dx.ssa.SCCP.simulateStmt(Lcom/android/dx/ssa/SsaInsn;)V @ 53
Event: 6,880 Thread 0x00007ffa18150000 Uncommon trap: reason=bimorphic action=maybe_recompile pc=0x00007ffa092f0910 method=java.util.HashMap.putVal(ILjava/lang/Object;Ljava/lang/Object;ZZ)Ljava/lang/Object; @ 203
Event: 7,522 Thread 0x00007ffa18149000 Uncommon trap: reason=unstable_if action=reinterpret pc=0x00007ffa091adbfc method=com.android.dx.ssa.SsaMethod.updateOneDefinition(Lcom/android/dx/ssa/SsaInsn;Lcom/android/dx/rop/code/RegisterSpec;)V @ 4
Event: 7,873 Thread 0x00007ffa1800a000 Uncommon trap: reason=bimorphic action=maybe_recompile pc=0x00007ffa092f0910 method=java.util.HashMap.putVal(ILjava/lang/Object;Ljava/lang/Object;ZZ)Ljava/lang/Object; @ 203
Event: 7,873 Thread 0x00007ffa1800a000 Uncommon trap: reason=bimorphic action=maybe_recompile pc=0x00007ffa092f0910 method=java.util.HashMap.putVal(ILjava/lang/Object;Ljava/lang/Object;ZZ)Ljava/lang/Object; @ 203
Event: 7,873 Thread 0x00007ffa1800a000 Uncommon trap: reason=bimorphic action=maybe_recompile pc=0x00007ffa092f0910 method=java.util.HashMap.putVal(ILjava/lang/Object;Ljava/lang/Object;ZZ)Ljava/lang/Object; @ 203

Internal exceptions (7 events):
Event: 0,203 Thread 0x00007ffa1800a000 Exception <a 'java/lang/NoSuchMethodError': Method sun.misc.Unsafe.defineClass(Ljava/lang/String;[BII)Ljava/lang/Class; name or signature does not match> (0x00000000eab07ca8) thrown at [/HUDSON3/workspace/8-2-build-linux-amd64/jdk8u144/9417/hotspot/src/sh
Event: 0,203 Thread 0x00007ffa1800a000 Exception <a 'java/lang/NoSuchMethodError': Method sun.misc.Unsafe.prefetchRead(Ljava/lang/Object;J)V name or signature does not match> (0x00000000eab07f90) thrown at [/HUDSON3/workspace/8-2-build-linux-amd64/jdk8u144/9417/hotspot/src/share/vm/prims/jni.c
Event: 4,440 Thread 0x00007ffa18149000 Implicit null exception at 0x00007ffa090abd91 to 0x00007ffa090aecc9
Event: 5,180 Thread 0x00007ffa1800a000 Implicit null exception at 0x00007ffa090fa4e2 to 0x00007ffa090fa5d3
Event: 5,763 Thread 0x00007ffa18154800 Exception <a 'java/lang/ArrayIndexOutOfBoundsException': 18> (0x00000000ebe38008) thrown at [/HUDSON3/workspace/8-2-build-linux-amd64/jdk8u144/9417/hotspot/src/share/vm/interpreter/interpreterRuntime.cpp, line 366]
Event: 5,764 Thread 0x00007ffa18154800 Exception <a 'java/lang/ArrayIndexOutOfBoundsException': 145> (0x00000000ebe39b88) thrown at [/HUDSON3/workspace/8-2-build-linux-amd64/jdk8u144/9417/hotspot/src/share/vm/interpreter/interpreterRuntime.cpp, line 366]
Event: 5,765 Thread 0x00007ffa18154800 Exception <a 'java/lang/ArrayIndexOutOfBoundsException': 40> (0x00000000ebe3ae70) thrown at [/HUDSON3/workspace/8-2-build-linux-amd64/jdk8u144/9417/hotspot/src/share/vm/interpreter/interpreterRuntime.cpp, line 366]

Events (10 events):
Event: 8,547 Thread 0x00007ffa1800a000 DEOPT UNPACKING pc=0x00007ffa08e2c633 sp=0x00007ffa1eee8398 mode 0
Event: 8,667 Thread 0x00007ffa18150000 DEOPT PACKING pc=0x00007ffa09163888 sp=0x00007ff9ef09dc90
Event: 8,667 Thread 0x00007ffa18150000 DEOPT UNPACKING pc=0x00007ffa08e2c633 sp=0x00007ff9ef09da18 mode 0
Event: 8,849 Thread 0x00007ffa1800a000 DEOPT PACKING pc=0x00007ffa0919e5ac sp=0x00007ffa1eee88e0
Event: 8,849 Thread 0x00007ffa1800a000 DEOPT UNPACKING pc=0x00007ffa08e2c633 sp=0x00007ffa1eee85e0 mode 0
Event: 8,850 Thread 0x00007ffa18149000 DEOPT PACKING pc=0x00007ffa092340a4 sp=0x00007ff9ef3a0f60
Event: 8,850 Thread 0x00007ffa18149000 DEOPT UNPACKING pc=0x00007ffa08e2c633 sp=0x00007ff9ef3a0d10 mode 0
Event: 9,073 Thread 0x00007ffa18149000 DEOPT PACKING pc=0x00007ffa09163888 sp=0x00007ff9ef3a0e10
Event: 9,073 Thread 0x00007ffa18149000 DEOPT UNPACKING pc=0x00007ffa08e2c633 sp=0x00007ff9ef3a0b98 mode 0
Event: 9,279 Executing VM operation: ParallelGCFailedAllocation


Dynamic libraries:
00400000-00401000 r-xp 00000000 08:01 18224077                           /usr/lib/jvm/java-8-oracle/bin/java
00600000-00601000 rw-p 00000000 08:01 18224077                           /usr/lib/jvm/java-8-oracle/bin/java
0193a000-0195b000 rw-p 00000000 00:00 0                                  [heap]
c0000000-c3d80000 rw-p 00000000 00:00 0 
c3d80000-eab00000 ---p 00000000 00:00 0 
eab00000-f2100000 rw-p 00000000 00:00 0 
f8b00000-100000000 ---p 00000000 00:00 0 
100000000-1000c0000 rw-p 00000000 00:00 0 
1000c0000-140000000 ---p 00000000 00:00 0 
7ff9b4000000-7ff9b4021000 rw-p 00000000 00:00 0 
7ff9b4021000-7ff9b8000000 ---p 00000000 00:00 0 
7ff9bc000000-7ff9bc021000 rw-p 00000000 00:00 0 
7ff9bc021000-7ff9c0000000 ---p 00000000 00:00 0 
7ff9c0000000-7ff9c0021000 rw-p 00000000 00:00 0 
7ff9c0021000-7ff9c4000000 ---p 00000000 00:00 0 
7ff9c4000000-7ff9c402c000 rw-p 00000000 00:00 0 
7ff9c402c000-7ff9c8000000 ---p 00000000 00:00 0 
7ff9c8000000-7ff9c8021000 rw-p 00000000 00:00 0 
7ff9c8021000-7ff9cc000000 ---p 00000000 00:00 0 
7ff9cc000000-7ff9cc021000 rw-p 00000000 00:00 0 
7ff9cc021000-7ff9d0000000 ---p 00000000 00:00 0 
7ff9d0000000-7ff9d0021000 rw-p 00000000 00:00 0 
7ff9d0021000-7ff9d4000000 ---p 00000000 00:00 0 
7ff9d4000000-7ff9d4493000 rw-p 00000000 00:00 0 
7ff9d4493000-7ff9d8000000 ---p 00000000 00:00 0 
7ff9d8000000-7ff9d87c7000 rw-p 00000000 00:00 0 
7ff9d87c7000-7ff9dc000000 ---p 00000000 00:00 0 
7ff9dc000000-7ff9dc021000 rw-p 00000000 00:00 0 
7ff9dc021000-7ff9e0000000 ---p 00000000 00:00 0 
7ff9e0000000-7ff9e066d000 rw-p 00000000 00:00 0 
7ff9e066d000-7ff9e4000000 ---p 00000000 00:00 0 
7ff9e4000000-7ff9e4021000 rw-p 00000000 00:00 0 
7ff9e4021000-7ff9e8000000 ---p 00000000 00:00 0 
7ff9e8000000-7ff9e8021000 rw-p 00000000 00:00 0 
7ff9e8021000-7ff9ec000000 ---p 00000000 00:00 0 
7ff9eee9e000-7ff9eeea1000 ---p 00000000 00:00 0 
7ff9eeea1000-7ff9eef9f000 rw-p 00000000 00:00 0 
7ff9eef9f000-7ff9eefa2000 ---p 00000000 00:00 0 
7ff9eefa2000-7ff9ef0a0000 rw-p 00000000 00:00 0 
7ff9ef0a0000-7ff9ef0a3000 ---p 00000000 00:00 0 
7ff9ef0a3000-7ff9ef1a1000 rw-p 00000000 00:00 0 
7ff9ef1a1000-7ff9ef1a4000 ---p 00000000 00:00 0 
7ff9ef1a4000-7ff9ef2a2000 rw-p 00000000 00:00 0 
7ff9ef2a2000-7ff9ef2a5000 ---p 00000000 00:00 0 
7ff9ef2a5000-7ff9ef3a3000 rw-p 00000000 00:00 0 
7ff9ef3a3000-7ff9ef3c2000 r--s 0013f000 08:01 17173171                   /home/hieunv/Desktop/911-mobile/911App-master/android/app/build/intermediates/exploded-aar/com.facebook.react/react-native/0.48.3/jars/classes.jar
7ff9ef3c2000-7ff9ef3c3000 ---p 00000000 00:00 0 
7ff9ef3c3000-7ff9ef4c3000 rw-p 00000000 00:00 0 
7ff9ef4c3000-7ff9f0000000 r--p 00000000 08:01 18094225                   /usr/lib/locale/locale-archive
7ff9f0000000-7ff9f0021000 rw-p 00000000 00:00 0 
7ff9f0021000-7ff9f4000000 ---p 00000000 00:00 0 
7ff9f4000000-7ff9f4290000 rw-p 00000000 00:00 0 
7ff9f4290000-7ff9f8000000 ---p 00000000 00:00 0 
7ff9f8000000-7ff9f8021000 rw-p 00000000 00:00 0 
7ff9f8021000-7ff9fc000000 ---p 00000000 00:00 0 
7ff9fc000000-7ff9fc021000 rw-p 00000000 00:00 0 
7ff9fc021000-7ffa00000000 ---p 00000000 00:00 0 
7ffa00000000-7ffa00021000 rw-p 00000000 00:00 0 
7ffa00021000-7ffa04000000 ---p 00000000 00:00 0 
7ffa04007000-7ffa0400a000 ---p 00000000 00:00 0 
7ffa0400a000-7ffa04108000 rw-p 00000000 00:00 0 
7ffa04108000-7ffa0410b000 ---p 00000000 00:00 0 
7ffa0410b000-7ffa04209000 rw-p 00000000 00:00 0 
7ffa04209000-7ffa0420c000 ---p 00000000 00:00 0 
7ffa0420c000-7ffa0430a000 rw-p 00000000 00:00 0 
7ffa0430a000-7ffa0430d000 ---p 00000000 00:00 0 
7ffa0430d000-7ffa0440b000 rw-p 00000000 00:00 0 
7ffa0440b000-7ffa0440e000 ---p 00000000 00:00 0 
7ffa0440e000-7ffa0450c000 rw-p 00000000 00:00 0 
7ffa0450c000-7ffa0450f000 ---p 00000000 00:00 0 
7ffa0450f000-7ffa0460d000 rw-p 00000000 00:00 0 
7ffa0460d000-7ffa04610000 ---p 00000000 00:00 0 
7ffa04610000-7ffa0470e000 rw-p 00000000 00:00 0 
7ffa0470e000-7ffa0470f000 ---p 00000000 00:00 0 
7ffa0470f000-7ffa057d0000 rw-p 00000000 00:00 0 
7ffa057d0000-7ffa059aa000 r--s 03d4d000 08:01 18224151                   /usr/lib/jvm/java-8-oracle/jre/lib/rt.jar
7ffa059aa000-7ffa060a0000 rw-p 00000000 00:00 0 
7ffa060a0000-7ffa06220000 ---p 00000000 00:00 0 
7ffa06220000-7ffa08420000 rw-p 00000000 00:00 0 
7ffa08420000-7ffa08421000 ---p 00000000 00:00 0 
7ffa08421000-7ffa08521000 rw-p 00000000 00:00 0 
7ffa08521000-7ffa08522000 ---p 00000000 00:00 0 
7ffa08522000-7ffa08622000 rw-p 00000000 00:00 0 
7ffa08622000-7ffa08623000 ---p 00000000 00:00 0 
7ffa08623000-7ffa08723000 rw-p 00000000 00:00 0 
7ffa08723000-7ffa08724000 ---p 00000000 00:00 0 
7ffa08724000-7ffa08843000 rw-p 00000000 00:00 0 
7ffa08843000-7ffa08979000 ---p 00000000 00:00 0 
7ffa08979000-7ffa089b5000 rw-p 00000000 00:00 0 
7ffa089b5000-7ffa08a24000 ---p 00000000 00:00 0 
7ffa08a24000-7ffa08a40000 rw-p 00000000 00:00 0 
7ffa08a40000-7ffa08de5000 ---p 00000000 00:00 0 
7ffa08de5000-7ffa09485000 rwxp 00000000 00:00 0 
7ffa09485000-7ffa17de5000 ---p 00000000 00:00 0 
7ffa17de5000-7ffa17dff000 r-xp 00000000 08:01 18224182                   /usr/lib/jvm/java-8-oracle/jre/lib/amd64/libzip.so
7ffa17dff000-7ffa17fff000 ---p 0001a000 08:01 18224182                   /usr/lib/jvm/java-8-oracle/jre/lib/amd64/libzip.so
7ffa17fff000-7ffa18000000 rw-p 0001a000 08:01 18224182                   /usr/lib/jvm/java-8-oracle/jre/lib/amd64/libzip.so
7ffa18000000-7ffa18395000 rw-p 00000000 00:00 0 
7ffa18395000-7ffa1c000000 ---p 00000000 00:00 0 
7ffa1c00d000-7ffa1c02c000 rw-p 00000000 00:00 0 
7ffa1c02c000-7ffa1c163000 ---p 00000000 00:00 0 
7ffa1c163000-7ffa1c16e000 r-xp 00000000 08:01 17830453                   /lib/x86_64-linux-gnu/libnss_files-2.23.so
7ffa1c16e000-7ffa1c36d000 ---p 0000b000 08:01 17830453                   /lib/x86_64-linux-gnu/libnss_files-2.23.so
7ffa1c36d000-7ffa1c36e000 r--p 0000a000 08:01 17830453                   /lib/x86_64-linux-gnu/libnss_files-2.23.so
7ffa1c36e000-7ffa1c36f000 rw-p 0000b000 08:01 17830453                   /lib/x86_64-linux-gnu/libnss_files-2.23.so
7ffa1c36f000-7ffa1c375000 rw-p 00000000 00:00 0 
7ffa1c375000-7ffa1c380000 r-xp 00000000 08:01 17830463                   /lib/x86_64-linux-gnu/libnss_nis-2.23.so
7ffa1c380000-7ffa1c57f000 ---p 0000b000 08:01 17830463                   /lib/x86_64-linux-gnu/libnss_nis-2.23.so
7ffa1c57f000-7ffa1c580000 r--p 0000a000 08:01 17830463                   /lib/x86_64-linux-gnu/libnss_nis-2.23.so
7ffa1c580000-7ffa1c581000 rw-p 0000b000 08:01 17830463                   /lib/x86_64-linux-gnu/libnss_nis-2.23.so
7ffa1c581000-7ffa1c597000 r-xp 00000000 08:01 17830447                   /lib/x86_64-linux-gnu/libnsl-2.23.so
7ffa1c597000-7ffa1c796000 ---p 00016000 08:01 17830447                   /lib/x86_64-linux-gnu/libnsl-2.23.so
7ffa1c796000-7ffa1c797000 r--p 00015000 08:01 17830447                   /lib/x86_64-linux-gnu/libnsl-2.23.so
7ffa1c797000-7ffa1c798000 rw-p 00016000 08:01 17830447                   /lib/x86_64-linux-gnu/libnsl-2.23.so
7ffa1c798000-7ffa1c79a000 rw-p 00000000 00:00 0 
7ffa1c79a000-7ffa1c7a2000 r-xp 00000000 08:01 17830449                   /lib/x86_64-linux-gnu/libnss_compat-2.23.so
7ffa1c7a2000-7ffa1c9a1000 ---p 00008000 08:01 17830449                   /lib/x86_64-linux-gnu/libnss_compat-2.23.so
7ffa1c9a1000-7ffa1c9a2000 r--p 00007000 08:01 17830449                   /lib/x86_64-linux-gnu/libnss_compat-2.23.so
7ffa1c9a2000-7ffa1c9a3000 rw-p 00008000 08:01 17830449                   /lib/x86_64-linux-gnu/libnss_compat-2.23.so
7ffa1c9a3000-7ffa1c9ce000 r-xp 00000000 08:01 18224209                   /usr/lib/jvm/java-8-oracle/jre/lib/amd64/libjava.so
7ffa1c9ce000-7ffa1cbcd000 ---p 0002b000 08:01 18224209                   /usr/lib/jvm/java-8-oracle/jre/lib/amd64/libjava.so
7ffa1cbcd000-7ffa1cbcf000 rw-p 0002a000 08:01 18224209                   /usr/lib/jvm/java-8-oracle/jre/lib/amd64/libjava.so
7ffa1cbcf000-7ffa1cbdc000 r-xp 00000000 08:01 18224160                   /usr/lib/jvm/java-8-oracle/jre/lib/amd64/libverify.so
7ffa1cbdc000-7ffa1cddc000 ---p 0000d000 08:01 18224160                   /usr/lib/jvm/java-8-oracle/jre/lib/amd64/libverify.so
7ffa1cddc000-7ffa1cdde000 rw-p 0000d000 08:01 18224160                   /usr/lib/jvm/java-8-oracle/jre/lib/amd64/libverify.so
7ffa1cdde000-7ffa1cde5000 r-xp 00000000 08:01 17830508                   /lib/x86_64-linux-gnu/librt-2.23.so
7ffa1cde5000-7ffa1cfe4000 ---p 00007000 08:01 17830508                   /lib/x86_64-linux-gnu/librt-2.23.so
7ffa1cfe4000-7ffa1cfe5000 r--p 00006000 08:01 17830508                   /lib/x86_64-linux-gnu/librt-2.23.so
7ffa1cfe5000-7ffa1cfe6000 rw-p 00007000 08:01 17830508                   /lib/x86_64-linux-gnu/librt-2.23.so
7ffa1cfe6000-7ffa1d0ee000 r-xp 00000000 08:01 17830424                   /lib/x86_64-linux-gnu/libm-2.23.so
7ffa1d0ee000-7ffa1d2ed000 ---p 00108000 08:01 17830424                   /lib/x86_64-linux-gnu/libm-2.23.so
7ffa1d2ed000-7ffa1d2ee000 r--p 00107000 08:01 17830424                   /lib/x86_64-linux-gnu/libm-2.23.so
7ffa1d2ee000-7ffa1d2ef000 rw-p 00108000 08:01 17830424                   /lib/x86_64-linux-gnu/libm-2.23.so
7ffa1d2ef000-7ffa1dfc2000 r-xp 00000000 08:01 18224213                   /usr/lib/jvm/java-8-oracle/jre/lib/amd64/server/libjvm.so
7ffa1dfc2000-7ffa1e1c1000 ---p 00cd3000 08:01 18224213                   /usr/lib/jvm/java-8-oracle/jre/lib/amd64/server/libjvm.so
7ffa1e1c1000-7ffa1e29b000 rw-p 00cd2000 08:01 18224213                   /usr/lib/jvm/java-8-oracle/jre/lib/amd64/server/libjvm.so
7ffa1e29b000-7ffa1e2e6000 rw-p 00000000 00:00 0 
7ffa1e2e6000-7ffa1e4a6000 r-xp 00000000 08:01 17830354                   /lib/x86_64-linux-gnu/libc-2.23.so
7ffa1e4a6000-7ffa1e6a6000 ---p 001c0000 08:01 17830354                   /lib/x86_64-linux-gnu/libc-2.23.so
7ffa1e6a6000-7ffa1e6aa000 r--p 001c0000 08:01 17830354                   /lib/x86_64-linux-gnu/libc-2.23.so
7ffa1e6aa000-7ffa1e6ac000 rw-p 001c4000 08:01 17830354                   /lib/x86_64-linux-gnu/libc-2.23.so
7ffa1e6ac000-7ffa1e6b0000 rw-p 00000000 00:00 0 
7ffa1e6b0000-7ffa1e6b3000 r-xp 00000000 08:01 17830378                   /lib/x86_64-linux-gnu/libdl-2.23.so
7ffa1e6b3000-7ffa1e8b2000 ---p 00003000 08:01 17830378                   /lib/x86_64-linux-gnu/libdl-2.23.so
7ffa1e8b2000-7ffa1e8b3000 r--p 00002000 08:01 17830378                   /lib/x86_64-linux-gnu/libdl-2.23.so
7ffa1e8b3000-7ffa1e8b4000 rw-p 00003000 08:01 17830378                   /lib/x86_64-linux-gnu/libdl-2.23.so
7ffa1e8b4000-7ffa1e8c9000 r-xp 00000000 08:01 18095834                   /usr/lib/jvm/java-8-oracle/lib/amd64/jli/libjli.so
7ffa1e8c9000-7ffa1eac9000 ---p 00015000 08:01 18095834                   /usr/lib/jvm/java-8-oracle/lib/amd64/jli/libjli.so
7ffa1eac9000-7ffa1eaca000 rw-p 00015000 08:01 18095834                   /usr/lib/jvm/java-8-oracle/lib/amd64/jli/libjli.so
7ffa1eaca000-7ffa1eae2000 r-xp 00000000 08:01 17830500                   /lib/x86_64-linux-gnu/libpthread-2.23.so
7ffa1eae2000-7ffa1ece1000 ---p 00018000 08:01 17830500                   /lib/x86_64-linux-gnu/libpthread-2.23.so
7ffa1ece1000-7ffa1ece2000 r--p 00017000 08:01 17830500                   /lib/x86_64-linux-gnu/libpthread-2.23.so
7ffa1ece2000-7ffa1ece3000 rw-p 00018000 08:01 17830500                   /lib/x86_64-linux-gnu/libpthread-2.23.so
7ffa1ece3000-7ffa1ece7000 rw-p 00000000 00:00 0 
7ffa1ece7000-7ffa1ed0d000 r-xp 00000000 08:01 17830326                   /lib/x86_64-linux-gnu/ld-2.23.so
7ffa1ed11000-7ffa1edea000 rw-p 00000000 00:00 0 
7ffa1edea000-7ffa1eded000 ---p 00000000 00:00 0 
7ffa1eded000-7ffa1eeef000 rw-p 00000000 00:00 0 
7ffa1eef1000-7ffa1ef00000 r--s 000df000 08:01 14290451                   /home/hieunv/Android/Sdk/build-tools/23.0.1/lib/dx.jar
7ffa1ef00000-7ffa1ef08000 rw-s 00000000 08:01 412764                     /tmp/hsperfdata_hieunv/11988
7ffa1ef08000-7ffa1ef09000 rw-p 00000000 00:00 0 
7ffa1ef09000-7ffa1ef0a000 ---p 00000000 00:00 0 
7ffa1ef0a000-7ffa1ef0c000 rw-p 00000000 00:00 0 
7ffa1ef0c000-7ffa1ef0d000 r--p 00025000 08:01 17830326                   /lib/x86_64-linux-gnu/ld-2.23.so
7ffa1ef0d000-7ffa1ef0e000 rw-p 00026000 08:01 17830326                   /lib/x86_64-linux-gnu/ld-2.23.so
7ffa1ef0e000-7ffa1ef0f000 rw-p 00000000 00:00 0 
7ffea01ed000-7ffea020f000 rw-p 00000000 00:00 0                          [stack]
7ffea03a6000-7ffea03a8000 r--p 00000000 00:00 0                          [vvar]
7ffea03a8000-7ffea03aa000 r-xp 00000000 00:00 0                          [vdso]
ffffffffff600000-ffffffffff601000 r-xp 00000000 00:00 0                  [vsyscall]

VM Arguments:
jvm_args: -Djava.awt.headless=true -Xmx1024M -Dfile.encoding=UTF-8 -Duser.country=US -Duser.language=en -Duser.variant 
java_command: com.android.dx.command.Main --dex --num-threads=4 --output /home/hieunv/Desktop/911-mobile/911App-master/android/app/build/intermediates/pre-dexed/debug/com.facebook.react-react-native-0.48.3_4c85c509ce089aee49be1d865b61a278bdbc1df6.jar /home/hieunv/Desktop/911-mobile/911App-master/android/app/build/intermediates/exploded-aar/com.facebook.react/react-native/0.48.3/jars/classes.jar
java_class_path (initial): /home/hieunv/Android/Sdk/build-tools/23.0.1/lib/dx.jar
Launcher Type: SUN_STANDARD

Environment Variables:
JAVA_HOME=/usr/lib/jvm/java-8-oracle
PATH=/home/hieunv/bin:/home/hieunv/.local/bin:/usr/local/sbin:/usr/local/bin:/usr/sbin:/usr/bin:/sbin:/bin:/usr/games:/usr/local/games:/snap/bin:/usr/lib/jvm/java-8-oracle/bin:/usr/lib/jvm/java-8-oracle/db/bin:/usr/lib/jvm/java-8-oracle/jre/bin
SHELL=/bin/bash
DISPLAY=:0

Signal Handlers:
SIGSEGV: [libjvm.so+0xacba10], sa_mask[0]=11111111011111111101111111111110, sa_flags=SA_RESTART|SA_SIGINFO
SIGBUS: [libjvm.so+0xacba10], sa_mask[0]=11111111011111111101111111111110, sa_flags=SA_RESTART|SA_SIGINFO
SIGFPE: [libjvm.so+0x924ba0], sa_mask[0]=11111111011111111101111111111110, sa_flags=SA_RESTART|SA_SIGINFO
SIGPIPE: [libjvm.so+0x924ba0], sa_mask[0]=11111111011111111101111111111110, sa_flags=SA_RESTART|SA_SIGINFO
SIGXFSZ: [libjvm.so+0x924ba0], sa_mask[0]=11111111011111111101111111111110, sa_flags=SA_RESTART|SA_SIGINFO
SIGILL: [libjvm.so+0x924ba0], sa_mask[0]=11111111011111111101111111111110, sa_flags=SA_RESTART|SA_SIGINFO
SIGUSR1: SIG_DFL, sa_mask[0]=00000000000000000000000000000000, sa_flags=none
SIGUSR2: [libjvm.so+0x9263e0], sa_mask[0]=00100000000000000000000000000000, sa_flags=SA_RESTART|SA_SIGINFO
SIGHUP: [libjvm.so+0x9277e0], sa_mask[0]=11111111011111111101111111111110, sa_flags=SA_RESTART|SA_SIGINFO
SIGINT: [libjvm.so+0x9277e0], sa_mask[0]=11111111011111111101111111111110, sa_flags=SA_RESTART|SA_SIGINFO
SIGTERM: [libjvm.so+0x9277e0], sa_mask[0]=11111111011111111101111111111110, sa_flags=SA_RESTART|SA_SIGINFO
SIGQUIT: [libjvm.so+0x9277e0], sa_mask[0]=11111111011111111101111111111110, sa_flags=SA_RESTART|SA_SIGINFO


---------------  S Y S T E M  ---------------

OS:DISTRIB_ID=Ubuntu
DISTRIB_RELEASE=16.04
DISTRIB_CODENAME=xenial
DISTRIB_DESCRIPTION="Ubuntu 16.04.3 LTS"

uname:Linux 4.10.0-35-generic #39~16.04.1-Ubuntu SMP Wed Sep 13 09:02:42 UTC 2017 x86_64
libc:glibc 2.23 NPTL 2.23 
rlimit: STACK 8192k, CORE 0k, NPROC 23321, NOFILE 1048576, AS infinity
load average:16,16 6,40 3,15

/proc/meminfo:
MemTotal:        6014824 kB
MemFree:           96392 kB
MemAvailable:      34248 kB
Buffers:            1192 kB
Cached:           622940 kB
SwapCached:            0 kB
Active:          3954212 kB
Inactive:         598984 kB
Active(anon):    3931260 kB
Inactive(anon):   576104 kB
Active(file):      22952 kB
Inactive(file):    22880 kB
Unevictable:         184 kB
Mlocked:             184 kB
SwapTotal:             0 kB
SwapFree:              0 kB
Dirty:               144 kB
Writeback:           972 kB
AnonPages:       3929748 kB
Mapped:          1258080 kB
Shmem:            577776 kB
Slab:             140344 kB
SReclaimable:      82316 kB
SUnreclaim:        58028 kB
KernelStack:       15008 kB
PageTables:        53564 kB
NFS_Unstable:          0 kB
Bounce:                0 kB
WritebackTmp:          0 kB
CommitLimit:     3007412 kB
Committed_AS:   10423100 kB
VmallocTotal:   34359738367 kB
VmallocUsed:           0 kB
VmallocChunk:          0 kB
HardwareCorrupted:     0 kB
AnonHugePages:   1230848 kB
ShmemHugePages:        0 kB
ShmemPmdMapped:        0 kB
CmaTotal:              0 kB
CmaFree:               0 kB
HugePages_Total:       0
HugePages_Free:        0
HugePages_Rsvd:        0
HugePages_Surp:        0
Hugepagesize:       2048 kB
DirectMap4k:      271016 kB
DirectMap2M:     5926912 kB


CPU:total 4 (initial active 4) (2 cores per cpu, 2 threads per core) family 6 model 42 stepping 7, cmov, cx8, fxsr, mmx, sse, sse2, sse3, ssse3, sse4.1, sse4.2, popcnt, avx, clmul, ht, tsc, tscinvbit

/proc/cpuinfo:
processor	: 0
vendor_id	: GenuineIntel
cpu family	: 6
model		: 42
model name	: Intel(R) Core(TM) i3-2330M CPU @ 2.20GHz
stepping	: 7
microcode	: 0x29
cpu MHz		: 1075.427
cache size	: 3072 KB
physical id	: 0
siblings	: 4
core id		: 0
cpu cores	: 2
apicid		: 0
initial apicid	: 0
fpu		: yes
fpu_exception	: yes
cpuid level	: 13
wp		: yes
flags		: fpu vme de pse tsc msr pae mce cx8 apic sep mtrr pge mca cmov pat pse36 clflush dts acpi mmx fxsr sse sse2 ss ht tm pbe syscall nx rdtscp lm constant_tsc arch_perfmon pebs bts rep_good nopl xtopology nonstop_tsc aperfmperf pni pclmulqdq dtes64 monitor ds_cpl vmx est tm2 ssse3 cx16 xtpr pdcm pcid sse4_1 sse4_2 x2apic popcnt tsc_deadline_timer xsave avx lahf_lm epb tpr_shadow vnmi flexpriority ept vpid xsaveopt dtherm arat pln pts
bugs		:
bogomips	: 4390.25
clflush size	: 64
cache_alignment	: 64
address sizes	: 36 bits physical, 48 bits virtual
power management:

processor	: 1
vendor_id	: GenuineIntel
cpu family	: 6
model		: 42
model name	: Intel(R) Core(TM) i3-2330M CPU @ 2.20GHz
stepping	: 7
microcode	: 0x29
cpu MHz		: 800.024
cache size	: 3072 KB
physical id	: 0
siblings	: 4
core id		: 1
cpu cores	: 2
apicid		: 2
initial apicid	: 2
fpu		: yes
fpu_exception	: yes
cpuid level	: 13
wp		: yes
flags		: fpu vme de pse tsc msr pae mce cx8 apic sep mtrr pge mca cmov pat pse36 clflush dts acpi mmx fxsr sse sse2 ss ht tm pbe syscall nx rdtscp lm constant_tsc arch_perfmon pebs bts rep_good nopl xtopology nonstop_tsc aperfmperf pni pclmulqdq dtes64 monitor ds_cpl vmx est tm2 ssse3 cx16 xtpr pdcm pcid sse4_1 sse4_2 x2apic popcnt tsc_deadline_timer xsave avx lahf_lm epb tpr_shadow vnmi flexpriority ept vpid xsaveopt dtherm arat pln pts
bugs		:
bogomips	: 4390.25
clflush size	: 64
cache_alignment	: 64
address sizes	: 36 bits physical, 48 bits virtual
power management:

processor	: 2
vendor_id	: GenuineIntel
cpu family	: 6
model		: 42
model name	: Intel(R) Core(TM) i3-2330M CPU @ 2.20GHz
stepping	: 7
microcode	: 0x29
cpu MHz		: 807.946
cache size	: 3072 KB
physical id	: 0
siblings	: 4
core id		: 0
cpu cores	: 2
apicid		: 1
initial apicid	: 1
fpu		: yes
fpu_exception	: yes
cpuid level	: 13
wp		: yes
flags		: fpu vme de pse tsc msr pae mce cx8 apic sep mtrr pge mca cmov pat pse36 clflush dts acpi mmx fxsr sse sse2 ss ht tm pbe syscall nx rdtscp lm constant_tsc arch_perfmon pebs bts rep_good nopl xtopology nonstop_tsc aperfmperf pni pclmulqdq dtes64 monitor ds_cpl vmx est tm2 ssse3 cx16 xtpr pdcm pcid sse4_1 sse4_2 x2apic popcnt tsc_deadline_timer xsave avx lahf_lm epb tpr_shadow vnmi flexpriority ept vpid xsaveopt dtherm arat pln pts
bugs		:
bogomips	: 4390.25
clflush size	: 64
cache_alignment	: 64
address sizes	: 36 bits physical, 48 bits virtual
power management:

processor	: 3
vendor_id	: GenuineIntel
cpu family	: 6
model		: 42
model name	: Intel(R) Core(TM) i3-2330M CPU @ 2.20GHz
stepping	: 7
microcode	: 0x29
cpu MHz		: 1446.704
cache size	: 3072 KB
physical id	: 0
siblings	: 4
core id		: 1
cpu cores	: 2
apicid		: 3
initial apicid	: 3
fpu		: yes
fpu_exception	: yes
cpuid level	: 13
wp		: yes
flags		: fpu vme de pse tsc msr pae mce cx8 apic sep mtrr pge mca cmov pat pse36 clflush dts acpi mmx fxsr sse sse2 ss ht tm pbe syscall nx rdtscp lm constant_tsc arch_perfmon pebs bts rep_good nopl xtopology nonstop_tsc aperfmperf pni pclmulqdq dtes64 monitor ds_cpl vmx est tm2 ssse3 cx16 xtpr pdcm pcid sse4_1 sse4_2 x2apic popcnt tsc_deadline_timer xsave avx lahf_lm epb tpr_shadow vnmi flexpriority ept vpid xsaveopt dtherm arat pln pts
bugs		:
bogomips	: 4390.25
clflush size	: 64
cache_alignment	: 64
address sizes	: 36 bits physical, 48 bits virtual
power management:



Memory: 4k page, physical 6014824k(96392k free), swap 0k(0k free)

vm_info: Java HotSpot(TM) 64-Bit Server VM (25.144-b01) for linux-amd64 JRE (1.8.0_144-b01), built on Jul 21 2017 21:57:33 by "java_re" with gcc 4.3.0 20080428 (Red Hat 4.3.0-8)

time: Mon Oct  9 11:04:43 2017
elapsed time: 30 seconds (0d 0h 0m 30s)

